
Warning-[LINX_KRNL] Unsupported Linux kernel
  Linux kernel '4.12.14-122.60-default' is not supported.
  Supported versions are 2.4* or 2.6*.

Command: vcs -full64 -debug_acc+all -kdb -lca -sverilog +libext+.v+.sv -y /nfs/site/disks/xpg.sprmccfe.0019/rahman3x/simics_training/cxl_relay_new \
+incdir+/nfs/site/disks/xpg.sprmccfe.0019/rahman3x/simics_training/cxl_relay_new \
/nfs/site/disks/xpg.sprmccfe.0019/rahman3x/simics_training/cxl_relay_new/dpi_sv.sv \
-l compile.log -o ./simv
                         Chronologic VCS (TM)
      Version P-2019.06-SP2-9_Full64 -- Tue Mar 29 01:05:43 2022
               Copyright (c) 1991-2019 by Synopsys Inc.
                         ALL RIGHTS RESERVED

This program is proprietary and confidential information of Synopsys Inc.
and may be used and disclosed only as authorized in a license agreement
controlling such use and disclosure.


Warning-[LCA_FEATURES_ENABLED] Usage warning
  LCA features enabled by '-lca' argument on the command line.  For more 
  information regarding list of LCA features please refer to Chapter "LCA 
  features" in the VCS Release Notes

Parsing design file '/nfs/site/disks/xpg.sprmccfe.0019/rahman3x/simics_training/cxl_relay_new/dpi_sv.sv'
Top Level Modules:
       dpi_sv
TimeScale is 1 ps / 1 ps
Starting vcs inline pass...
1 module and 0 UDP read.
recompiling module dpi_sv
make[1]: Entering directory '/nfs/site/disks/xpg.sprmccfe.0019/rahman3x/simics_training/cxl_relay_new/csrc' \

rm -f _csrc*.so pre_vcsobj_*.so share_vcsobj_*.so
if [ -x .././simv ]; then chmod a-x .././simv; fi
g++  -o .././simv      -rdynamic  -Wl,-rpath='$ORIGIN'/simv.daidir -Wl,-rpath=./simv.daidir \
-Wl,-rpath=/p/hdk/rtl/cad/x86-64_linux26/synopsys/vcsmx/P-2019.06-SP2-9/suse64/lib \
-L/p/hdk/rtl/cad/x86-64_linux26/synopsys/vcsmx/P-2019.06-SP2-9/suse64/lib  -Wl,-rpath-link=./ \
objs/amcQw_d.o   _7913_archive_1.so  SIM_l.o       rmapats_mop.o rmapats.o rmar.o \
rmar_nd.o  rmar_llvm_0_1.o rmar_llvm_0_0.o          -lnuma -lvirsim -lerrorinf -lsnpsmalloc \
-lvfs    -lvcsnew -lsimprofile -luclinative /p/hdk/rtl/cad/x86-64_linux26/synopsys/vcsmx/P-2019.06-SP2-9/suse64/lib/vcs_tls.o \
-Wl,-whole-archive  -lvcsucli    -Wl,-no-whole-archive       ./../simv.daidir/vc_hdrs.o \
_vcs_pli_stub_.o   /p/hdk/rtl/cad/x86-64_linux26/synopsys/vcsmx/P-2019.06-SP2-9/suse64/lib/vcs_save_restore_new.o \
/p/hdk/rtl/cad/x86-64_linux26/synopsys/verdi3/P-2019.06-SP2-9/share/PLI/VCS/SUSE64/pli.a \
-ldl  -lc -lm -lpthread -ldl 
.././simv up to date
make[1]: Leaving directory '/nfs/site/disks/xpg.sprmccfe.0019/rahman3x/simics_training/cxl_relay_new/csrc' \

CPU time: .261 seconds to compile + .171 seconds to elab + .277 seconds to link
